::1 - - [11/Jul/2023:07:59:59 +0000] "POST /api/v1/user/register HTTP/1.1" 404 144 "-" "PostmanRuntime/7.32.3"
{"level":"info","message":{"method":"GET","responseTime":"63ms","status":200,"timestamp":"2023-07-27T08:00:05.134Z","url":"/api/v1/category/"}}
{"level":"info","message":{"method":"GET","responseTime":"137ms","status":200,"timestamp":"2023-07-27T08:00:05.201Z","url":"/api/v1/products/"}}
{"level":"info","message":{"method":"GET","responseTime":"2ms","status":304,"timestamp":"2023-07-27T08:00:05.240Z","url":"/api/v1/category/"}}
{"level":"info","message":{"method":"GET","responseTime":"8ms","status":304,"timestamp":"2023-07-27T08:00:12.223Z","url":"/api/v1/products/"}}
{"level":"info","message":{"method":"GET","responseTime":"65ms","status":304,"timestamp":"2023-07-27T08:00:12.284Z","url":"/api/v1/category/"}}
{"level":"info","message":{"method":"GET","responseTime":"6ms","status":304,"timestamp":"2023-07-27T08:00:12.343Z","url":"/api/v1/category/"}}
{"level":"info","message":{"method":"GET","responseTime":"31ms","status":304,"timestamp":"2023-07-27T08:00:46.387Z","url":"/api/v1/category/"}}
{"level":"info","message":{"method":"GET","responseTime":"39ms","status":304,"timestamp":"2023-07-27T08:00:46.405Z","url":"/api/v1/products/"}}
{"level":"info","message":{"method":"GET","responseTime":"5ms","status":304,"timestamp":"2023-07-27T08:00:46.419Z","url":"/api/v1/category/"}}
{"level":"info","message":{"method":"POST","responseTime":"18ms","status":404,"timestamp":"2023-07-27T08:01:49.921Z","url":"undefined/api/v1user/register"}}
{"level":"info","message":{"method":"POST","responseTime":"182ms","status":200,"timestamp":"2023-07-27T08:01:59.355Z","url":"/api/v1/user/register"}}
{"level":"info","message":{"method":"POST","responseTime":"1616ms","status":200,"timestamp":"2023-07-27T08:02:21.872Z","url":"/api/v1/category/"}}
{"level":"info","message":{"method":"GET","responseTime":"10ms","status":200,"timestamp":"2023-07-27T08:02:27.524Z","url":"/api/v1/category/"}}
{"level":"info","message":{"method":"GET","responseTime":"14ms","status":304,"timestamp":"2023-07-27T08:02:27.529Z","url":"/api/v1/products/"}}
{"level":"info","message":{"method":"GET","responseTime":"4ms","status":304,"timestamp":"2023-07-27T08:02:27.536Z","url":"/api/v1/category/"}}
{"level":"info","message":{"method":"GET","responseTime":"32ms","status":400,"timestamp":"2023-07-27T08:02:27.605Z","url":"/api/v1/products/topdix/category/1"}}
{"level":"info","message":{"method":"GET","responseTime":"57ms","status":304,"timestamp":"2023-07-31T11:25:28.823Z","url":"/api/v1/category/"}}
{"level":"info","message":{"method":"GET","responseTime":"106ms","status":304,"timestamp":"2023-07-31T11:25:28.840Z","url":"/api/v1/products/"}}
{"level":"info","message":{"method":"POST","responseTime":"51ms","status":400,"timestamp":"2023-07-31T11:25:50.424Z","url":"/api/v1/products/"}}
{"level":"info","message":{"method":"POST","responseTime":"29ms","status":400,"timestamp":"2023-07-31T11:26:36.093Z","url":"/api/v1/products/"}}
{"level":"info","message":{"method":"GET","responseTime":"45ms","status":304,"timestamp":"2023-07-31T11:29:32.543Z","url":"/api/v1/products/"}}
{"level":"info","message":{"method":"GET","responseTime":"56ms","status":304,"timestamp":"2023-07-31T11:29:32.571Z","url":"/api/v1/category/"}}
{"level":"info","message":{"method":"GET","responseTime":"8ms","status":304,"timestamp":"2023-07-31T11:29:35.535Z","url":"/api/v1/products/"}}
{"level":"info","message":{"method":"GET","responseTime":"7ms","status":304,"timestamp":"2023-07-31T11:29:35.538Z","url":"/api/v1/category/"}}
{"level":"info","message":{"method":"POST","responseTime":"19ms","status":400,"timestamp":"2023-07-31T11:30:09.547Z","url":"/api/v1/products/"}}
{"level":"info","message":{"method":"POST","responseTime":"1ms","status":400,"timestamp":"2023-07-31T11:30:20.251Z","url":"/api/v1/products/"}}
{"level":"info","message":{"method":"GET","responseTime":"10ms","status":304,"timestamp":"2023-07-31T11:31:12.506Z","url":"/api/v1/products/"}}
{"level":"info","message":{"method":"GET","responseTime":"10ms","status":304,"timestamp":"2023-07-31T11:31:12.509Z","url":"/api/v1/category/"}}
{"level":"info","message":{"method":"POST","responseTime":"2ms","status":400,"timestamp":"2023-07-31T11:31:25.808Z","url":"/api/v1/products/"}}
{"level":"info","message":{"method":"GET","responseTime":"12ms","status":304,"timestamp":"2023-07-31T11:31:49.851Z","url":"/api/v1/category/"}}
{"level":"info","message":{"method":"GET","responseTime":"31ms","status":304,"timestamp":"2023-07-31T11:31:49.862Z","url":"/api/v1/products/"}}
{"level":"info","message":{"method":"GET","responseTime":"11ms","status":304,"timestamp":"2023-07-31T11:32:00.152Z","url":"/api/v1/products/"}}
{"level":"info","message":{"method":"GET","responseTime":"9ms","status":304,"timestamp":"2023-07-31T11:32:00.155Z","url":"/api/v1/category/"}}
{"level":"info","message":{"method":"POST","responseTime":"5ms","status":500,"timestamp":"2023-07-31T11:32:15.739Z","url":"undefined/api/v1/products"}}
{"level":"info","message":{"method":"POST","responseTime":"5ms","status":500,"timestamp":"2023-07-31T11:32:32.589Z","url":"undefined/api/v1/products"}}
{"level":"info","message":{"method":"POST","responseTime":"12ms","status":500,"timestamp":"2023-07-31T11:34:58.905Z","url":"undefined/api/v1/products"}}
{"level":"info","message":{"method":"GET","responseTime":"35ms","status":304,"timestamp":"2023-07-31T11:35:31.002Z","url":"/api/v1/products/"}}
{"level":"info","message":{"method":"GET","responseTime":"26ms","status":304,"timestamp":"2023-07-31T11:35:31.012Z","url":"/api/v1/category/"}}
{"level":"info","message":{"method":"POST","responseTime":"11ms","status":400,"timestamp":"2023-07-31T11:35:47.009Z","url":"/api/v1/products/"}}
{"level":"info","message":{"method":"GET","responseTime":"15ms","status":304,"timestamp":"2023-07-31T11:36:19.764Z","url":"/api/v1/products/"}}
{"level":"info","message":{"method":"GET","responseTime":"13ms","status":304,"timestamp":"2023-07-31T11:36:19.767Z","url":"/api/v1/category/"}}
{"level":"info","message":{"method":"POST","responseTime":"4ms","status":400,"timestamp":"2023-07-31T11:36:33.915Z","url":"/api/v1/products/"}}
{"level":"info","message":{"method":"POST","responseTime":"1ms","status":400,"timestamp":"2023-07-31T11:37:33.704Z","url":"/api/v1/products/"}}
{"level":"info","message":{"method":"POST","responseTime":"17ms","status":400,"timestamp":"2023-07-31T11:38:09.720Z","url":"/api/v1/products/"}}
{"level":"info","message":{"method":"POST","responseTime":"185ms","status":400,"timestamp":"2023-07-31T11:39:20.991Z","url":"/api/v1/products/"}}
{"level":"info","message":{"method":"POST","responseTime":"220ms","status":400,"timestamp":"2023-07-31T11:40:32.968Z","url":"/api/v1/products/"}}
{"level":"info","message":{"method":"POST","responseTime":"4812ms","status":201,"timestamp":"2023-07-31T11:40:51.243Z","url":"/api/v1/products/"}}
{"level":"info","message":{"method":"POST","responseTime":"18ms","status":400,"timestamp":"2023-07-31T11:42:02.024Z","url":"/api/v1/products/"}}
{"level":"info","message":{"method":"GET","responseTime":"23ms","status":200,"timestamp":"2023-07-31T11:42:24.453Z","url":"/api/v1/products/"}}
{"level":"info","message":{"method":"GET","responseTime":"17ms","status":304,"timestamp":"2023-07-31T11:42:24.458Z","url":"/api/v1/category/"}}
{"level":"info","message":{"method":"POST","responseTime":"7ms","status":500,"timestamp":"2023-07-31T11:42:34.911Z","url":"undefined/api/v1/products"}}
{"level":"info","message":{"method":"GET","responseTime":"19ms","status":304,"timestamp":"2023-07-31T11:42:47.596Z","url":"/api/v1/products/"}}
{"level":"info","message":{"method":"GET","responseTime":"20ms","status":304,"timestamp":"2023-07-31T11:42:47.604Z","url":"/api/v1/category/"}}
{"level":"info","message":{"method":"GET","responseTime":"7ms","status":304,"timestamp":"2023-07-31T11:42:51.287Z","url":"/api/v1/products/"}}
{"level":"info","message":{"method":"GET","responseTime":"6ms","status":304,"timestamp":"2023-07-31T11:42:51.289Z","url":"/api/v1/category/"}}
{"level":"info","message":{"method":"POST","responseTime":"8ms","status":400,"timestamp":"2023-07-31T11:43:07.361Z","url":"/api/v1/products/"}}
{"level":"info","message":{"method":"POST","responseTime":"3ms","status":400,"timestamp":"2023-07-31T11:45:21.237Z","url":"/api/v1/products/"}}
{"level":"info","message":{"method":"GET","responseTime":"14ms","status":304,"timestamp":"2023-07-31T11:47:14.825Z","url":"/api/v1/products/"}}
{"level":"info","message":{"method":"GET","responseTime":"12ms","status":304,"timestamp":"2023-07-31T11:47:14.828Z","url":"/api/v1/category/"}}
{"level":"info","message":{"method":"POST","responseTime":"4ms","status":400,"timestamp":"2023-07-31T11:47:25.054Z","url":"/api/v1/products/"}}
{"level":"info","message":{"method":"GET","responseTime":"17ms","status":304,"timestamp":"2023-07-31T11:47:46.838Z","url":"/api/v1/products/"}}
{"level":"info","message":{"method":"GET","responseTime":"14ms","status":304,"timestamp":"2023-07-31T11:47:46.840Z","url":"/api/v1/category/"}}
{"level":"info","message":{"method":"POST","responseTime":"3ms","status":400,"timestamp":"2023-07-31T11:48:01.627Z","url":"/api/v1/products/"}}
{"level":"info","message":{"method":"GET","responseTime":"13ms","status":304,"timestamp":"2023-07-31T11:51:10.756Z","url":"/api/v1/products/"}}
{"level":"info","message":{"method":"GET","responseTime":"9ms","status":304,"timestamp":"2023-07-31T11:51:10.758Z","url":"/api/v1/category/"}}
{"level":"info","message":{"method":"GET","responseTime":"9ms","status":304,"timestamp":"2023-07-31T11:51:17.623Z","url":"/api/v1/products/"}}
{"level":"info","message":{"method":"GET","responseTime":"6ms","status":304,"timestamp":"2023-07-31T11:51:17.625Z","url":"/api/v1/category/"}}
{"level":"info","message":{"method":"POST","responseTime":"130ms","status":404,"timestamp":"2023-07-31T11:51:37.739Z","url":"/api/v1/products/"}}
{"level":"info","message":{"method":"GET","responseTime":"14ms","status":200,"timestamp":"2023-07-31T11:52:04.237Z","url":"/api/v1/products/"}}
{"level":"info","message":{"method":"GET","responseTime":"13ms","status":304,"timestamp":"2023-07-31T11:52:04.240Z","url":"/api/v1/category/"}}
{"level":"info","message":{"method":"POST","responseTime":"62ms","status":404,"timestamp":"2023-07-31T11:52:23.675Z","url":"/api/v1/products/"}}
{"level":"info","message":{"method":"GET","responseTime":"11ms","status":200,"timestamp":"2023-07-31T11:52:37.547Z","url":"/api/v1/user/"}}
{"level":"info","message":{"method":"GET","responseTime":"7ms","status":304,"timestamp":"2023-07-31T11:52:38.733Z","url":"/api/v1/category/"}}
{"level":"info","message":{"method":"GET","responseTime":"9ms","status":304,"timestamp":"2023-07-31T11:52:39.285Z","url":"/api/v1/user/"}}
{"level":"info","message":{"method":"GET","responseTime":"16ms","status":200,"timestamp":"2023-07-31T11:52:39.601Z","url":"/api/v1/products/"}}
{"level":"info","message":{"method":"GET","responseTime":"14ms","status":304,"timestamp":"2023-07-31T11:52:39.606Z","url":"/api/v1/category/"}}
{"level":"info","message":{"method":"GET","responseTime":"12ms","status":304,"timestamp":"2023-07-31T11:52:47.173Z","url":"/api/v1/products/"}}
{"level":"info","message":{"method":"GET","responseTime":"9ms","status":304,"timestamp":"2023-07-31T11:52:47.178Z","url":"/api/v1/category/"}}
{"level":"info","message":{"method":"GET","responseTime":"11ms","status":304,"timestamp":"2023-07-31T11:53:01.624Z","url":"/api/v1/products/"}}
{"level":"info","message":{"method":"GET","responseTime":"8ms","status":304,"timestamp":"2023-07-31T11:53:01.626Z","url":"/api/v1/category/"}}
{"level":"info","message":{"method":"POST","responseTime":"59ms","status":404,"timestamp":"2023-07-31T11:53:15.474Z","url":"/api/v1/products/"}}
{"level":"info","message":{"method":"POST","responseTime":"116ms","status":400,"timestamp":"2023-07-31T11:53:59.804Z","url":"/api/v1/products/"}}
{"level":"info","message":{"method":"POST","responseTime":"46ms","status":500,"timestamp":"2023-07-31T11:55:09.891Z","url":"/api/v1/products/"}}
{"level":"info","message":{"method":"POST","responseTime":"74ms","status":500,"timestamp":"2023-07-31T11:55:21.071Z","url":"/api/v1/products/"}}
{"level":"info","message":{"method":"POST","responseTime":"120ms","status":400,"timestamp":"2023-07-31T11:55:51.784Z","url":"/api/v1/products/"}}
{"level":"info","message":{"method":"GET","responseTime":"48ms","status":200,"timestamp":"2023-07-31T11:56:09.177Z","url":"/api/v1/products/"}}
{"level":"info","message":{"method":"GET","responseTime":"38ms","status":304,"timestamp":"2023-07-31T11:56:09.184Z","url":"/api/v1/category/"}}
{"level":"info","message":{"method":"POST","responseTime":"29ms","status":400,"timestamp":"2023-07-31T11:56:27.466Z","url":"/api/v1/products/"}}
{"level":"info","message":{"method":"GET","responseTime":"17ms","status":304,"timestamp":"2023-07-31T11:56:45.523Z","url":"/api/v1/products/"}}
{"level":"info","message":{"method":"GET","responseTime":"17ms","status":304,"timestamp":"2023-07-31T11:56:45.528Z","url":"/api/v1/category/"}}
{"level":"info","message":{"method":"POST","responseTime":"2138ms","status":201,"timestamp":"2023-07-31T11:57:04.724Z","url":"/api/v1/products/"}}
{"level":"info","message":{"method":"GET","responseTime":"27ms","status":200,"timestamp":"2023-07-31T11:57:09.482Z","url":"/api/v1/products/"}}
{"level":"info","message":{"method":"GET","responseTime":"48ms","status":304,"timestamp":"2023-07-31T11:57:09.514Z","url":"/api/v1/category/"}}
{"level":"info","message":{"method":"POST","responseTime":"57ms","status":400,"timestamp":"2023-07-31T11:57:28.526Z","url":"/api/v1/products/"}}
{"level":"info","message":{"method":"GET","responseTime":"16ms","status":304,"timestamp":"2023-07-31T11:58:07.006Z","url":"/api/v1/products/"}}
{"level":"info","message":{"method":"GET","responseTime":"11ms","status":304,"timestamp":"2023-07-31T11:58:07.009Z","url":"/api/v1/category/"}}
{"level":"info","message":{"method":"GET","responseTime":"11ms","status":304,"timestamp":"2023-07-31T11:58:10.516Z","url":"/api/v1/products/"}}
{"level":"info","message":{"method":"GET","responseTime":"9ms","status":304,"timestamp":"2023-07-31T11:58:10.518Z","url":"/api/v1/category/"}}
{"level":"info","message":{"method":"POST","responseTime":"6ms","status":400,"timestamp":"2023-07-31T11:58:19.142Z","url":"/api/v1/products/"}}
{"level":"info","message":{"method":"POST","responseTime":"4373ms","status":201,"timestamp":"2023-07-31T11:58:44.466Z","url":"/api/v1/products/"}}
{"level":"info","message":{"method":"GET","responseTime":"16ms","status":200,"timestamp":"2023-07-31T11:58:47.911Z","url":"/api/v1/products/"}}
{"level":"info","message":{"method":"GET","responseTime":"15ms","status":304,"timestamp":"2023-07-31T11:58:47.915Z","url":"/api/v1/category/"}}
{"level":"info","message":{"method":"GET","responseTime":"6ms","status":304,"timestamp":"2023-07-31T11:58:57.964Z","url":"/api/v1/category/"}}
{"level":"info","message":{"method":"GET","responseTime":"6ms","status":304,"timestamp":"2023-07-31T11:59:47.639Z","url":"/api/v1/category/"}}
{"level":"info","message":{"method":"GET","responseTime":"12ms","status":304,"timestamp":"2023-07-31T12:00:02.521Z","url":"/api/v1/category/"}}
{"level":"info","message":{"method":"GET","responseTime":"19ms","status":304,"timestamp":"2023-07-31T12:00:05.873Z","url":"/api/v1/category/"}}
{"level":"info","message":{"method":"GET","responseTime":"5ms","status":304,"timestamp":"2023-07-31T12:00:15.519Z","url":"/api/v1/category/"}}
{"level":"info","message":{"method":"GET","responseTime":"5ms","status":304,"timestamp":"2023-07-31T12:01:36.611Z","url":"/api/v1/category/"}}
{"level":"info","message":{"method":"GET","responseTime":"10ms","status":304,"timestamp":"2023-07-31T12:01:53.284Z","url":"/api/v1/category/"}}
{"level":"info","message":{"method":"GET","responseTime":"6ms","status":304,"timestamp":"2023-07-31T12:02:28.752Z","url":"/api/v1/category/"}}
{"level":"info","message":{"method":"GET","responseTime":"3ms","status":304,"timestamp":"2023-07-31T12:02:35.121Z","url":"/api/v1/category/"}}
{"level":"info","message":{"method":"GET","responseTime":"6ms","status":304,"timestamp":"2023-07-31T12:02:51.982Z","url":"/api/v1/category/"}}
{"level":"info","message":{"method":"GET","responseTime":"6ms","status":304,"timestamp":"2023-07-31T12:03:27.318Z","url":"/api/v1/category/"}}
{"level":"info","message":{"method":"GET","responseTime":"6ms","status":304,"timestamp":"2023-07-31T12:03:54.109Z","url":"/api/v1/category/"}}
{"level":"info","message":{"method":"GET","responseTime":"6ms","status":304,"timestamp":"2023-07-31T12:04:33.878Z","url":"/api/v1/category/"}}
{"level":"info","message":{"method":"GET","responseTime":"4ms","status":304,"timestamp":"2023-07-31T12:04:56.291Z","url":"/api/v1/category/"}}
{"level":"info","message":{"method":"GET","responseTime":"5ms","status":304,"timestamp":"2023-07-31T12:05:55.923Z","url":"/api/v1/category/"}}
{"level":"info","message":{"method":"GET","responseTime":"4ms","status":304,"timestamp":"2023-07-31T12:07:24.955Z","url":"/api/v1/category/"}}
{"level":"info","message":{"method":"GET","responseTime":"8ms","status":304,"timestamp":"2023-07-31T12:07:53.024Z","url":"/api/v1/category/"}}
{"level":"info","message":{"method":"GET","responseTime":"5ms","status":304,"timestamp":"2023-07-31T12:08:02.288Z","url":"/api/v1/category/"}}
{"level":"info","message":{"method":"GET","responseTime":"8ms","status":304,"timestamp":"2023-07-31T12:08:06.814Z","url":"/api/v1/category/"}}
{"level":"info","message":{"method":"POST","responseTime":"2072ms","status":200,"timestamp":"2023-07-31T12:08:14.110Z","url":"/api/v1/category/"}}
{"level":"info","message":{"method":"GET","responseTime":"4ms","status":200,"timestamp":"2023-07-31T12:08:17.992Z","url":"/api/v1/category/"}}
{"level":"info","message":{"method":"GET","responseTime":"7ms","status":304,"timestamp":"2023-07-31T12:08:48.261Z","url":"/api/v1/category/"}}
{"level":"info","message":{"method":"GET","responseTime":"3ms","status":304,"timestamp":"2023-07-31T12:08:54.091Z","url":"/api/v1/category/"}}
{"level":"info","message":{"method":"GET","responseTime":"5ms","status":304,"timestamp":"2023-07-31T12:09:04.599Z","url":"/api/v1/category/"}}
{"level":"info","message":{"method":"GET","responseTime":"5ms","status":304,"timestamp":"2023-07-31T12:09:17.572Z","url":"/api/v1/category/"}}
{"level":"info","message":{"method":"GET","responseTime":"5ms","status":304,"timestamp":"2023-07-31T12:09:28.926Z","url":"/api/v1/category/"}}
{"level":"info","message":{"method":"GET","responseTime":"5ms","status":304,"timestamp":"2023-07-31T12:09:46.710Z","url":"/api/v1/category/"}}
{"level":"info","message":{"method":"GET","responseTime":"3ms","status":304,"timestamp":"2023-07-31T12:09:54.016Z","url":"/api/v1/category/"}}
{"level":"info","message":{"method":"GET","responseTime":"5ms","status":304,"timestamp":"2023-07-31T12:09:56.955Z","url":"/api/v1/category/"}}
{"level":"info","message":{"method":"POST","responseTime":"6724ms","status":200,"timestamp":"2023-07-31T12:10:10.981Z","url":"/api/v1/category/"}}
{"level":"info","message":{"method":"GET","responseTime":"6ms","status":200,"timestamp":"2023-07-31T12:10:11.000Z","url":"/api/v1/category/"}}
{"level":"info","message":{"method":"GET","responseTime":"17ms","status":304,"timestamp":"2023-07-31T12:10:17.509Z","url":"/api/v1/category/"}}
{"level":"info","message":{"method":"GET","responseTime":"25ms","status":304,"timestamp":"2023-07-31T12:10:17.520Z","url":"/api/v1/products/"}}
{"level":"info","message":{"method":"POST","responseTime":"5174ms","status":201,"timestamp":"2023-07-31T12:10:39.233Z","url":"/api/v1/products/"}}
{"level":"info","message":{"method":"GET","responseTime":"21ms","status":200,"timestamp":"2023-07-31T12:10:39.268Z","url":"/api/v1/products/"}}
{"level":"info","message":{"method":"GET","responseTime":"39ms","status":200,"timestamp":"2023-08-01T08:19:13.409Z","url":"/api/v1/products/"}}
{"level":"info","message":{"method":"GET","responseTime":"36ms","status":304,"timestamp":"2023-08-01T08:19:13.416Z","url":"/api/v1/category/"}}
{"level":"info","message":{"method":"POST","responseTime":"68ms","status":400,"timestamp":"2023-08-01T08:19:33.816Z","url":"/api/v1/products/"}}
{"level":"info","message":{"method":"POST","responseTime":"37ms","status":400,"timestamp":"2023-08-01T08:19:50.532Z","url":"/api/v1/products/"}}
{"level":"info","message":{"method":"POST","responseTime":"42ms","status":400,"timestamp":"2023-08-01T08:19:55.398Z","url":"/api/v1/products/"}}
{"level":"info","message":{"method":"POST","responseTime":"1696ms","status":201,"timestamp":"2023-08-01T08:20:03.541Z","url":"/api/v1/products/"}}
{"level":"info","message":{"method":"GET","responseTime":"10ms","status":200,"timestamp":"2023-08-01T08:20:03.558Z","url":"/api/v1/products/"}}
{"level":"info","message":{"method":"GET","responseTime":"30ms","status":200,"timestamp":"2023-08-11T13:14:15.862Z","url":"/api/v1/category/"}}
{"level":"info","message":{"method":"GET","responseTime":"68ms","status":400,"timestamp":"2023-08-11T13:14:15.901Z","url":"/api/v1/products/"}}
{"level":"info","message":{"method":"GET","responseTime":"13ms","status":304,"timestamp":"2023-08-11T13:14:15.944Z","url":"/api/v1/category/"}}
{"level":"info","message":{"method":"GET","responseTime":"46ms","status":400,"timestamp":"2023-08-11T13:14:15.978Z","url":"/api/v1/products/category/1"}}
{"level":"info","message":{"method":"GET","responseTime":"6ms","status":304,"timestamp":"2023-08-11T13:14:31.271Z","url":"/api/v1/category/"}}
{"level":"info","message":{"method":"GET","responseTime":"5ms","status":304,"timestamp":"2023-08-11T13:14:31.303Z","url":"/api/v1/category/"}}
{"level":"info","message":{"method":"GET","responseTime":"21ms","status":400,"timestamp":"2023-08-11T13:14:31.414Z","url":"/api/v1/products/category/1"}}
{"level":"info","message":{"method":"GET","responseTime":"94ms","status":400,"timestamp":"2023-08-11T13:14:31.467Z","url":"/api/v1/products/topdix/category/1"}}
{"level":"info","message":{"method":"GET","responseTime":"11ms","status":304,"timestamp":"2023-08-11T13:14:34.820Z","url":"/api/v1/category/"}}
{"level":"info","message":{"method":"GET","responseTime":"44ms","status":400,"timestamp":"2023-08-11T13:14:34.879Z","url":"/api/v1/products/"}}
{"level":"info","message":{"method":"GET","responseTime":"6ms","status":304,"timestamp":"2023-08-11T13:14:34.912Z","url":"/api/v1/category/"}}
{"level":"info","message":{"method":"GET","responseTime":"39ms","status":400,"timestamp":"2023-08-11T13:14:34.943Z","url":"/api/v1/products/category/2"}}
{"level":"info","message":{"method":"GET","responseTime":"15ms","status":400,"timestamp":"2023-08-11T13:14:35.745Z","url":"/api/v1/products/category/1"}}
{"level":"info","message":{"method":"GET","responseTime":"61ms","status":200,"timestamp":"2023-08-11T13:14:35.788Z","url":"/api/v1/products/brand/1"}}
{"level":"info","message":{"method":"GET","responseTime":"26ms","status":400,"timestamp":"2023-08-11T13:14:36.186Z","url":"/api/v1/products/category/2"}}
{"level":"info","message":{"method":"GET","responseTime":"63ms","status":400,"timestamp":"2023-08-11T13:14:36.236Z","url":"/api/v1/products/brand/2"}}
{"level":"info","message":{"method":"GET","responseTime":"23ms","status":400,"timestamp":"2023-08-11T13:14:36.563Z","url":"/api/v1/products/category/3"}}
{"level":"info","message":{"method":"GET","responseTime":"80ms","status":400,"timestamp":"2023-08-11T13:14:36.622Z","url":"/api/v1/products/brand/3"}}
{"level":"info","message":{"method":"GET","responseTime":"22ms","status":400,"timestamp":"2023-08-11T13:14:37.176Z","url":"/api/v1/products/category/2"}}
{"level":"info","message":{"method":"GET","responseTime":"60ms","status":400,"timestamp":"2023-08-11T13:14:37.209Z","url":"/api/v1/products/brand/2"}}
{"level":"info","message":{"method":"GET","responseTime":"22ms","status":400,"timestamp":"2023-08-11T13:14:37.453Z","url":"/api/v1/products/category/1"}}
{"level":"info","message":{"method":"GET","responseTime":"76ms","status":304,"timestamp":"2023-08-11T13:14:37.536Z","url":"/api/v1/products/brand/1"}}
{"level":"info","message":{"method":"GET","responseTime":"7ms","status":304,"timestamp":"2023-08-11T13:14:43.922Z","url":"/api/v1/category/"}}
{"level":"info","message":{"method":"GET","responseTime":"46ms","status":400,"timestamp":"2023-08-11T13:14:43.958Z","url":"/api/v1/products/"}}
{"level":"info","message":{"method":"GET","responseTime":"3ms","status":304,"timestamp":"2023-08-11T13:14:43.996Z","url":"/api/v1/category/"}}
{"level":"info","message":{"method":"GET","responseTime":"39ms","status":400,"timestamp":"2023-08-11T13:14:44.068Z","url":"/api/v1/products/category/2"}}
{"level":"info","message":{"method":"GET","responseTime":"5ms","status":304,"timestamp":"2023-08-11T13:14:48.374Z","url":"/api/v1/category/"}}
{"level":"info","message":{"method":"GET","responseTime":"3ms","status":304,"timestamp":"2023-08-11T13:14:48.415Z","url":"/api/v1/category/"}}
{"level":"info","message":{"method":"GET","responseTime":"65ms","status":400,"timestamp":"2023-08-11T13:14:48.585Z","url":"/api/v1/products/category/1"}}
{"level":"info","message":{"method":"GET","responseTime":"118ms","status":400,"timestamp":"2023-08-11T13:14:48.635Z","url":"/api/v1/products/topdix/category/1"}}
{"level":"info","message":{"method":"GET","responseTime":"14ms","status":400,"timestamp":"2023-08-11T13:14:50.747Z","url":"/api/v1/products/category/2"}}
{"level":"info","message":{"method":"GET","responseTime":"15ms","status":400,"timestamp":"2023-08-11T13:14:51.312Z","url":"/api/v1/products/category/3"}}
{"level":"info","message":{"method":"GET","responseTime":"16ms","status":400,"timestamp":"2023-08-11T13:14:51.798Z","url":"/api/v1/products/category/1"}}
{"level":"info","message":{"method":"GET","responseTime":"17ms","status":200,"timestamp":"2023-08-11T13:16:14.831Z","url":"/api/v1/category/"}}
{"level":"info","message":{"method":"GET","responseTime":"8ms","status":304,"timestamp":"2023-08-11T13:16:14.878Z","url":"/api/v1/category/"}}
{"level":"info","message":{"method":"GET","responseTime":"11ms","status":304,"timestamp":"2023-08-11T13:22:12.242Z","url":"/api/v1/category/"}}
{"level":"info","message":{"method":"GET","responseTime":"18ms","status":304,"timestamp":"2023-08-11T13:22:14.131Z","url":"/api/v1/category/"}}
{"level":"info","message":{"method":"GET","responseTime":"84ms","status":200,"timestamp":"2023-08-11T13:22:14.186Z","url":"/api/v1/products/"}}
{"level":"info","message":{"method":"GET","responseTime":"4ms","status":200,"timestamp":"2023-08-11T13:22:14.386Z","url":"/api/v1/user/"}}
{"level":"info","message":{"method":"POST","responseTime":"126ms","status":400,"timestamp":"2023-08-11T13:22:26.676Z","url":"/api/v1/user/register"}}
{"level":"info","message":{"method":"POST","responseTime":"170ms","status":200,"timestamp":"2023-08-11T13:23:22.324Z","url":"/api/v1/user/register"}}
{"level":"info","message":{"method":"GET","responseTime":"3ms","status":200,"timestamp":"2023-08-11T13:23:26.190Z","url":"/api/v1/user/"}}
{"level":"info","message":{"method":"GET","responseTime":"3ms","status":304,"timestamp":"2023-08-11T13:23:27.388Z","url":"/api/v1/category/"}}
{"level":"info","message":{"method":"POST","responseTime":"1736ms","status":200,"timestamp":"2023-08-11T13:23:40.133Z","url":"/api/v1/category/"}}
{"level":"info","message":{"method":"GET","responseTime":"5ms","status":200,"timestamp":"2023-08-11T13:23:40.171Z","url":"/api/v1/category/"}}
{"level":"info","message":{"method":"GET","responseTime":"16ms","status":304,"timestamp":"2023-08-11T13:23:45.024Z","url":"/api/v1/category/"}}
{"level":"info","message":{"method":"GET","responseTime":"43ms","status":304,"timestamp":"2023-08-11T13:23:45.077Z","url":"/api/v1/products/"}}
{"level":"info","message":{"method":"POST","responseTime":"2303ms","status":201,"timestamp":"2023-08-11T13:24:36.537Z","url":"/api/v1/products/"}}
{"level":"info","message":{"method":"GET","responseTime":"45ms","status":200,"timestamp":"2023-08-11T13:24:36.618Z","url":"/api/v1/products/"}}
{"level":"info","message":{"method":"GET","responseTime":"9ms","status":304,"timestamp":"2023-08-11T13:24:49.716Z","url":"/api/v1/category/"}}
{"level":"info","message":{"method":"GET","responseTime":"45ms","status":304,"timestamp":"2023-08-11T13:24:49.743Z","url":"/api/v1/products/"}}
{"level":"info","message":{"method":"GET","responseTime":"11ms","status":304,"timestamp":"2023-08-11T13:25:47.483Z","url":"/api/v1/category/"}}
{"level":"info","message":{"method":"GET","responseTime":"5ms","status":304,"timestamp":"2023-08-11T13:25:47.545Z","url":"/api/v1/category/"}}
{"level":"info","message":{"method":"GET","responseTime":"41ms","status":200,"timestamp":"2023-08-11T13:25:47.700Z","url":"/api/v1/products/topdix/category/1"}}
{"level":"info","message":{"method":"GET","responseTime":"74ms","status":200,"timestamp":"2023-08-11T13:25:47.737Z","url":"/api/v1/products/category/1"}}
{"level":"info","message":{"method":"GET","responseTime":"12ms","status":200,"timestamp":"2023-08-11T13:35:36.756Z","url":"/api/v1/category/"}}
{"level":"info","message":{"method":"GET","responseTime":"64ms","status":200,"timestamp":"2023-08-11T13:35:36.787Z","url":"/api/v1/products/"}}
{"level":"info","message":{"method":"GET","responseTime":"3ms","status":304,"timestamp":"2023-08-11T13:35:41.167Z","url":"/api/v1/category/"}}
{"level":"info","message":{"method":"GET","responseTime":"2ms","status":304,"timestamp":"2023-08-11T13:35:42.058Z","url":"/api/v1/category/"}}
{"level":"info","message":{"method":"GET","responseTime":"39ms","status":304,"timestamp":"2023-08-11T13:35:42.104Z","url":"/api/v1/products/"}}
{"level":"info","message":{"method":"GET","responseTime":"15ms","status":304,"timestamp":"2023-08-11T13:36:19.767Z","url":"/api/v1/category/"}}
{"level":"info","message":{"method":"GET","responseTime":"73ms","status":304,"timestamp":"2023-08-11T13:36:19.813Z","url":"/api/v1/products/"}}
{"level":"info","message":{"method":"GET","responseTime":"8ms","status":304,"timestamp":"2023-08-11T13:36:45.931Z","url":"/api/v1/category/"}}
{"level":"info","message":{"method":"GET","responseTime":"51ms","status":304,"timestamp":"2023-08-11T13:36:45.965Z","url":"/api/v1/products/"}}
{"level":"info","message":{"method":"POST","responseTime":"204ms","status":200,"timestamp":"2023-08-11T13:37:10.787Z","url":"/api/v1/user/register"}}
{"level":"info","message":{"method":"GET","responseTime":"7ms","status":304,"timestamp":"2023-08-11T13:37:11.886Z","url":"/api/v1/category/"}}
{"level":"info","message":{"method":"POST","responseTime":"1047ms","status":200,"timestamp":"2023-08-11T13:37:23.135Z","url":"/api/v1/category/"}}
{"level":"info","message":{"method":"GET","responseTime":"5ms","status":200,"timestamp":"2023-08-11T13:37:23.190Z","url":"/api/v1/category/"}}
{"level":"info","message":{"method":"GET","responseTime":"11ms","status":304,"timestamp":"2023-08-11T13:37:25.394Z","url":"/api/v1/category/"}}
{"level":"info","message":{"method":"GET","responseTime":"69ms","status":304,"timestamp":"2023-08-11T13:37:25.433Z","url":"/api/v1/products/"}}
{"level":"info","message":{"method":"POST","responseTime":"11680ms","status":201,"timestamp":"2023-08-11T13:38:24.613Z","url":"/api/v1/products/"}}
{"level":"info","message":{"method":"GET","responseTime":"36ms","status":200,"timestamp":"2023-08-11T13:38:24.685Z","url":"/api/v1/products/"}}
{"level":"info","message":{"method":"GET","responseTime":"6ms","status":304,"timestamp":"2023-08-11T13:38:48.847Z","url":"/api/v1/category/"}}
{"level":"info","message":{"method":"GET","responseTime":"6ms","status":304,"timestamp":"2023-08-11T13:38:48.895Z","url":"/api/v1/category/"}}
{"level":"info","message":{"method":"GET","responseTime":"40ms","status":200,"timestamp":"2023-08-11T13:38:48.995Z","url":"/api/v1/products/topdix/category/1"}}
{"level":"info","message":{"method":"GET","responseTime":"38ms","status":200,"timestamp":"2023-08-11T13:38:49.065Z","url":"/api/v1/products/category/1"}}
{"level":"info","message":{"method":"GET","responseTime":"12ms","status":200,"timestamp":"2023-08-11T13:38:50.711Z","url":"/api/v1/products/1"}}
{"level":"info","message":{"method":"GET","responseTime":"39ms","status":304,"timestamp":"2023-08-11T13:38:50.743Z","url":"/api/v1/category/"}}
{"level":"info","message":{"method":"GET","responseTime":"18ms","status":304,"timestamp":"2023-08-11T13:38:50.790Z","url":"/api/v1/products/topdix/category/1"}}
{"level":"info","message":{"method":"GET","responseTime":"54ms","status":304,"timestamp":"2023-08-11T13:39:46.330Z","url":"/api/v1/products/1"}}
{"level":"info","message":{"method":"GET","responseTime":"138ms","status":304,"timestamp":"2023-08-11T13:39:46.399Z","url":"/api/v1/category/"}}
{"level":"info","message":{"method":"GET","responseTime":"48ms","status":304,"timestamp":"2023-08-11T13:39:46.482Z","url":"/api/v1/products/topdix/category/1"}}
{"level":"info","message":{"method":"GET","responseTime":"4ms","status":304,"timestamp":"2023-08-11T13:39:53.603Z","url":"/api/v1/category/"}}
{"level":"info","message":{"method":"GET","responseTime":"9ms","status":304,"timestamp":"2023-08-11T13:39:53.661Z","url":"/api/v1/category/"}}
{"level":"info","message":{"method":"GET","responseTime":"52ms","status":304,"timestamp":"2023-08-11T13:39:53.761Z","url":"/api/v1/products/topdix/category/1"}}
{"level":"info","message":{"method":"GET","responseTime":"94ms","status":304,"timestamp":"2023-08-11T13:39:53.805Z","url":"/api/v1/products/category/1"}}
{"level":"info","message":{"method":"GET","responseTime":"1ms","status":400,"timestamp":"2023-08-11T13:40:03.250Z","url":"/api/v1/products/"}}
{"level":"info","message":{"method":"GET","responseTime":"57ms","status":304,"timestamp":"2023-08-11T13:40:03.290Z","url":"/api/v1/category/"}}
{"level":"info","message":{"method":"GET","responseTime":"20ms","status":304,"timestamp":"2023-08-11T13:40:03.344Z","url":"/api/v1/category/"}}
{"level":"info","message":{"method":"GET","responseTime":"53ms","status":304,"timestamp":"2023-08-11T13:40:03.390Z","url":"/api/v1/products/category/1"}}
{"level":"info","message":{"method":"GET","responseTime":"2ms","status":400,"timestamp":"2023-08-11T13:40:07.387Z","url":"/api/v1/products/"}}
{"level":"info","message":{"method":"GET","responseTime":"42ms","status":304,"timestamp":"2023-08-11T13:40:07.419Z","url":"/api/v1/category/"}}
{"level":"info","message":{"method":"GET","responseTime":"22ms","status":304,"timestamp":"2023-08-11T13:40:07.487Z","url":"/api/v1/category/"}}
{"level":"info","message":{"method":"GET","responseTime":"36ms","status":304,"timestamp":"2023-08-11T13:40:25.029Z","url":"/api/v1/category/"}}
{"level":"info","message":{"method":"GET","responseTime":"123ms","status":200,"timestamp":"2023-08-11T13:40:25.093Z","url":"/api/v1/products/"}}
{"level":"info","message":{"method":"GET","responseTime":"10ms","status":304,"timestamp":"2023-08-11T13:40:25.157Z","url":"/api/v1/category/"}}
{"level":"info","message":{"method":"GET","responseTime":"19ms","status":304,"timestamp":"2023-08-11T13:41:10.617Z","url":"/api/v1/category/"}}
{"level":"info","message":{"method":"GET","responseTime":"64ms","status":304,"timestamp":"2023-08-11T13:41:10.664Z","url":"/api/v1/products/"}}
{"level":"info","message":{"method":"GET","responseTime":"131ms","status":304,"timestamp":"2023-08-11T13:41:10.782Z","url":"/api/v1/category/"}}
{"level":"info","message":{"method":"GET","responseTime":"17ms","status":200,"timestamp":"2023-08-11T13:41:15.485Z","url":"/api/v1/products/brand/1"}}
{"level":"info","message":{"method":"GET","responseTime":"68ms","status":304,"timestamp":"2023-08-11T13:41:15.551Z","url":"/api/v1/products/category/1"}}
{"level":"info","message":{"method":"GET","responseTime":"10ms","status":304,"timestamp":"2023-08-11T13:41:17.110Z","url":"/api/v1/products/1"}}
{"level":"info","message":{"method":"GET","responseTime":"33ms","status":304,"timestamp":"2023-08-11T13:41:17.145Z","url":"/api/v1/category/"}}
{"level":"info","message":{"method":"GET","responseTime":"16ms","status":304,"timestamp":"2023-08-11T13:41:17.191Z","url":"/api/v1/products/topdix/category/1"}}
{"level":"info","message":{"method":"GET","responseTime":"9ms","status":304,"timestamp":"2023-08-11T13:41:34.294Z","url":"/api/v1/category/"}}
{"level":"info","message":{"method":"GET","responseTime":"47ms","status":304,"timestamp":"2023-08-11T13:41:34.332Z","url":"/api/v1/products/"}}
{"level":"info","message":{"method":"GET","responseTime":"37ms","status":304,"timestamp":"2023-08-11T13:41:34.359Z","url":"/api/v1/category/"}}
{"level":"info","message":{"method":"GET","responseTime":"32ms","status":304,"timestamp":"2023-08-11T13:41:34.480Z","url":"/api/v1/products/category/1"}}
{"level":"info","message":{"method":"GET","responseTime":"9ms","status":304,"timestamp":"2023-08-11T13:42:09.880Z","url":"/api/v1/category/"}}
{"level":"info","message":{"method":"GET","responseTime":"4ms","status":304,"timestamp":"2023-08-11T13:42:09.917Z","url":"/api/v1/category/"}}
{"level":"info","message":{"method":"GET","responseTime":"21ms","status":304,"timestamp":"2023-08-11T13:42:10.050Z","url":"/api/v1/products/topdix/category/1"}}
{"level":"info","message":{"method":"GET","responseTime":"63ms","status":304,"timestamp":"2023-08-11T13:42:10.082Z","url":"/api/v1/products/category/1"}}
{"level":"info","message":{"method":"GET","responseTime":"6ms","status":200,"timestamp":"2023-08-11T13:42:27.257Z","url":"/api/v1/user/"}}
{"level":"info","message":{"method":"GET","responseTime":"4ms","status":304,"timestamp":"2023-08-11T13:42:27.748Z","url":"/api/v1/category/"}}
{"level":"info","message":{"method":"GET","responseTime":"1ms","status":400,"timestamp":"2023-08-11T13:42:28.267Z","url":"/api/v1/orders/"}}
{"level":"info","message":{"method":"GET","responseTime":"5ms","status":304,"timestamp":"2023-08-11T13:42:28.878Z","url":"/api/v1/category/"}}
{"level":"info","message":{"method":"GET","responseTime":"52ms","status":304,"timestamp":"2023-08-11T13:42:28.912Z","url":"/api/v1/products/"}}
{"level":"info","message":{"method":"GET","responseTime":"5ms","status":304,"timestamp":"2023-08-11T13:42:29.923Z","url":"/api/v1/user/"}}
{"level":"info","message":{"method":"GET","responseTime":"3ms","status":304,"timestamp":"2023-08-11T13:42:30.385Z","url":"/api/v1/category/"}}
{"level":"info","message":{"method":"GET","responseTime":"6ms","status":304,"timestamp":"2023-08-11T14:10:53.095Z","url":"/api/v1/category/"}}
{"level":"info","message":{"method":"GET","responseTime":"45ms","status":400,"timestamp":"2023-08-11T14:10:53.126Z","url":"/api/v1/orders/customer/1"}}
{"level":"info","message":{"method":"GET","responseTime":"4ms","status":304,"timestamp":"2023-08-11T14:10:55.110Z","url":"/api/v1/category/"}}
{"level":"info","message":{"method":"GET","responseTime":"6ms","status":304,"timestamp":"2023-08-11T14:10:55.148Z","url":"/api/v1/category/"}}
{"level":"info","message":{"method":"GET","responseTime":"27ms","status":304,"timestamp":"2023-08-11T14:10:55.210Z","url":"/api/v1/products/topdix/category/1"}}
{"level":"info","message":{"method":"GET","responseTime":"63ms","status":304,"timestamp":"2023-08-11T14:10:55.249Z","url":"/api/v1/products/category/1"}}
{"level":"info","message":{"method":"POST","responseTime":"219ms","status":200,"timestamp":"2023-08-11T14:18:59.079Z","url":"/api/v1/customer/register"}}
{"level":"info","message":{"method":"POST","responseTime":"5ms","status":400,"timestamp":"2023-08-11T14:19:26.196Z","url":"/api/v1/customer/register"}}
{"level":"info","message":{"method":"GET","responseTime":"8ms","status":400,"timestamp":"2023-08-22T11:53:52.906Z","url":"/api/v1/products/"}}
{"level":"info","message":{"method":"GET","responseTime":"6ms","status":400,"timestamp":"2023-08-22T11:57:24.984Z","url":"/api/v1/products/"}}
{"level":"info","message":{"method":"GET","responseTime":"11ms","status":400,"timestamp":"2023-08-22T11:57:53.498Z","url":"/api/v1/products/"}}
{"level":"info","message":{"method":"GET","responseTime":"8ms","status":400,"timestamp":"2023-08-22T11:58:09.305Z","url":"/api/v1/products/"}}
{"level":"info","message":{"method":"GET","responseTime":"15ms","status":400,"timestamp":"2023-08-22T11:58:40.544Z","url":"/api/v1/products/"}}
{"level":"info","message":{"method":"GET","responseTime":"7ms","status":400,"timestamp":"2023-08-22T12:02:43.970Z","url":"/api/v1/products/"}}
{"level":"info","message":{"method":"GET","responseTime":"6ms","status":400,"timestamp":"2023-08-22T12:03:24.557Z","url":"/api/v1/products/"}}
{"level":"info","message":{"method":"GET","responseTime":"6ms","status":400,"timestamp":"2023-08-22T12:04:20.269Z","url":"/api/v1/products/"}}
{"level":"info","message":{"method":"GET","responseTime":"44ms","status":400,"timestamp":"2023-08-22T12:06:12.346Z","url":"/api/v1/products/"}}
{"level":"info","message":{"method":"GET","responseTime":"73ms","status":400,"timestamp":"2023-08-22T12:07:35.552Z","url":"/api/v1/products/"}}
{"level":"info","message":{"method":"GET","responseTime":"116ms","status":400,"timestamp":"2023-08-22T12:09:22.105Z","url":"/api/v1/products/"}}
{"level":"info","message":{"method":"GET","responseTime":"52ms","status":200,"timestamp":"2023-08-22T12:09:57.588Z","url":"/api/v1/products/"}}
{"level":"info","message":{"method":"GET","responseTime":"61ms","status":200,"timestamp":"2023-08-22T12:11:39.649Z","url":"/api/v1/products/"}}
{"level":"info","message":{"method":"GET","responseTime":"68ms","status":200,"timestamp":"2023-08-22T12:12:10.653Z","url":"/api/v1/products/"}}
{"level":"info","message":{"method":"GET","responseTime":"62ms","status":200,"timestamp":"2023-08-22T12:12:39.151Z","url":"/api/v1/products/"}}
{"level":"info","message":{"method":"GET","responseTime":"63ms","status":200,"timestamp":"2023-08-22T12:13:20.151Z","url":"/api/v1/products/"}}
{"level":"info","message":{"method":"GET","responseTime":"65ms","status":200,"timestamp":"2023-08-22T12:13:37.769Z","url":"/api/v1/products/"}}
{"level":"info","message":{"method":"GET","responseTime":"72ms","status":200,"timestamp":"2023-08-22T12:14:57.056Z","url":"/api/v1/products/"}}
{"level":"info","message":{"method":"GET","responseTime":"61ms","status":200,"timestamp":"2023-08-22T12:15:08.468Z","url":"/api/v1/products/"}}
{"level":"info","message":{"method":"GET","responseTime":"81ms","status":200,"timestamp":"2023-08-22T12:15:41.786Z","url":"/api/v1/products/"}}
{"level":"info","message":{"method":"GET","responseTime":"69ms","status":200,"timestamp":"2023-08-23T09:33:26.649Z","url":"/api/v1/category/"}}
{"level":"info","message":{"method":"GET","responseTime":"160ms","status":200,"timestamp":"2023-08-23T09:33:26.747Z","url":"/api/v1/products/"}}
{"level":"info","message":{"method":"GET","responseTime":"12ms","status":304,"timestamp":"2023-08-23T09:33:26.783Z","url":"/api/v1/category/"}}
{"level":"info","message":{"method":"GET","responseTime":"69ms","status":200,"timestamp":"2023-08-23T09:33:26.859Z","url":"/api/v1/products/category/1"}}
{"level":"info","message":{"method":"GET","responseTime":"4ms","status":304,"timestamp":"2023-08-23T09:33:30.466Z","url":"/api/v1/category/"}}
{"level":"info","message":{"method":"GET","responseTime":"4ms","status":304,"timestamp":"2023-08-23T09:33:30.473Z","url":"/api/v1/category/"}}
{"level":"info","message":{"method":"GET","responseTime":"34ms","status":200,"timestamp":"2023-08-23T09:33:30.517Z","url":"/api/v1/products/topdix/category/1"}}
{"level":"info","message":{"method":"GET","responseTime":"39ms","status":304,"timestamp":"2023-08-23T09:33:30.531Z","url":"/api/v1/products/category/1"}}
{"level":"info","message":{"method":"GET","responseTime":"6ms","status":304,"timestamp":"2023-08-23T09:33:49.267Z","url":"/api/v1/category/"}}
{"level":"info","message":{"method":"GET","responseTime":"6ms","status":304,"timestamp":"2023-08-23T09:33:49.275Z","url":"/api/v1/category/"}}
{"level":"info","message":{"method":"GET","responseTime":"36ms","status":304,"timestamp":"2023-08-23T09:33:49.352Z","url":"/api/v1/products/topdix/category/1"}}
{"level":"info","message":{"method":"GET","responseTime":"37ms","status":304,"timestamp":"2023-08-23T09:33:49.362Z","url":"/api/v1/products/category/1"}}
{"level":"info","message":{"method":"GET","responseTime":"5ms","status":304,"timestamp":"2023-08-23T09:33:56.266Z","url":"/api/v1/category/"}}
{"level":"info","message":{"method":"GET","responseTime":"4ms","status":304,"timestamp":"2023-08-23T09:33:56.276Z","url":"/api/v1/category/"}}
{"level":"info","message":{"method":"GET","responseTime":"34ms","status":304,"timestamp":"2023-08-23T09:33:56.372Z","url":"/api/v1/products/topdix/category/1"}}
{"level":"info","message":{"method":"GET","responseTime":"36ms","status":304,"timestamp":"2023-08-23T09:33:56.384Z","url":"/api/v1/products/category/1"}}
{"level":"info","message":{"method":"GET","responseTime":"18ms","status":304,"timestamp":"2023-08-23T09:34:46.079Z","url":"/api/v1/category/"}}
{"level":"info","message":{"method":"GET","responseTime":"6ms","status":304,"timestamp":"2023-08-23T09:34:46.101Z","url":"/api/v1/category/"}}
{"level":"info","message":{"method":"GET","responseTime":"45ms","status":304,"timestamp":"2023-08-23T09:34:46.298Z","url":"/api/v1/products/topdix/category/1"}}
{"level":"info","message":{"method":"GET","responseTime":"67ms","status":304,"timestamp":"2023-08-23T09:34:46.325Z","url":"/api/v1/products/category/1"}}
{"level":"info","message":{"method":"GET","responseTime":"6ms","status":304,"timestamp":"2023-08-23T09:34:55.195Z","url":"/api/v1/category/"}}
{"level":"info","message":{"method":"GET","responseTime":"3ms","status":304,"timestamp":"2023-08-23T09:34:55.199Z","url":"/api/v1/category/"}}
{"level":"info","message":{"method":"GET","responseTime":"20ms","status":304,"timestamp":"2023-08-23T09:34:55.314Z","url":"/api/v1/products/topdix/category/1"}}
{"level":"info","message":{"method":"GET","responseTime":"43ms","status":304,"timestamp":"2023-08-23T09:34:55.341Z","url":"/api/v1/products/category/1"}}
{"level":"info","message":{"method":"GET","responseTime":"8ms","status":304,"timestamp":"2023-08-23T09:35:23.834Z","url":"/api/v1/category/"}}
{"level":"info","message":{"method":"GET","responseTime":"5ms","status":304,"timestamp":"2023-08-23T09:35:23.840Z","url":"/api/v1/category/"}}
{"level":"info","message":{"method":"GET","responseTime":"36ms","status":304,"timestamp":"2023-08-23T09:35:24.052Z","url":"/api/v1/products/topdix/category/1"}}
{"level":"info","message":{"method":"GET","responseTime":"78ms","status":304,"timestamp":"2023-08-23T09:35:24.097Z","url":"/api/v1/products/category/1"}}
{"level":"info","message":{"method":"GET","responseTime":"8ms","status":304,"timestamp":"2023-08-23T09:35:41.330Z","url":"/api/v1/category/"}}
{"level":"info","message":{"method":"GET","responseTime":"6ms","status":304,"timestamp":"2023-08-23T09:35:41.338Z","url":"/api/v1/category/"}}
{"level":"info","message":{"method":"GET","responseTime":"43ms","status":304,"timestamp":"2023-08-23T09:35:41.367Z","url":"/api/v1/products/"}}
{"level":"info","message":{"method":"GET","responseTime":"43ms","status":304,"timestamp":"2023-08-23T09:35:41.413Z","url":"/api/v1/products/category/1"}}
{"level":"info","message":{"method":"GET","responseTime":"12ms","status":200,"timestamp":"2023-08-23T09:35:49.839Z","url":"/api/v1/products/1"}}
{"level":"info","message":{"method":"GET","responseTime":"9ms","status":304,"timestamp":"2023-08-23T09:35:49.841Z","url":"/api/v1/category/"}}
{"level":"info","message":{"method":"GET","responseTime":"11ms","status":304,"timestamp":"2023-08-23T09:35:56.771Z","url":"/api/v1/products/1"}}
{"level":"info","message":{"method":"GET","responseTime":"8ms","status":304,"timestamp":"2023-08-23T09:35:56.773Z","url":"/api/v1/category/"}}
{"level":"info","message":{"method":"GET","responseTime":"14ms","status":304,"timestamp":"2023-08-23T09:37:24.425Z","url":"/api/v1/products/1"}}
{"level":"info","message":{"method":"GET","responseTime":"14ms","status":304,"timestamp":"2023-08-23T09:37:24.428Z","url":"/api/v1/category/"}}
{"level":"info","message":{"method":"GET","responseTime":"10ms","status":304,"timestamp":"2023-08-23T09:40:20.725Z","url":"/api/v1/category/"}}
{"level":"info","message":{"method":"GET","responseTime":"3ms","status":304,"timestamp":"2023-08-23T09:40:20.728Z","url":"/api/v1/category/"}}
{"level":"info","message":{"method":"GET","responseTime":"26ms","status":304,"timestamp":"2023-08-23T09:40:20.845Z","url":"/api/v1/products/topdix/category/1"}}
{"level":"info","message":{"method":"GET","responseTime":"46ms","status":304,"timestamp":"2023-08-23T09:40:20.870Z","url":"/api/v1/products/category/1"}}
{"level":"info","message":{"method":"GET","responseTime":"7ms","status":200,"timestamp":"2023-08-23T09:47:55.315Z","url":"/api/v1/category/"}}
{"level":"info","message":{"method":"GET","responseTime":"4ms","status":304,"timestamp":"2023-08-23T09:47:55.320Z","url":"/api/v1/category/"}}
{"level":"info","message":{"method":"GET","responseTime":"36ms","status":200,"timestamp":"2023-08-23T09:47:55.445Z","url":"/api/v1/products/category/3"}}
{"level":"info","message":{"method":"GET","responseTime":"34ms","status":200,"timestamp":"2023-08-23T09:47:55.450Z","url":"/api/v1/products/category/4"}}
{"level":"info","message":{"method":"GET","responseTime":"66ms","status":200,"timestamp":"2023-08-23T09:47:55.491Z","url":"/api/v1/products/category/1"}}
{"level":"info","message":{"method":"GET","responseTime":"116ms","status":200,"timestamp":"2023-08-23T09:47:55.537Z","url":"/api/v1/products/topdix/category/1"}}
{"level":"info","message":{"method":"GET","responseTime":"6ms","status":304,"timestamp":"2023-08-23T09:47:58.933Z","url":"/api/v1/category/"}}
{"level":"info","message":{"method":"GET","responseTime":"6ms","status":304,"timestamp":"2023-08-23T09:47:58.940Z","url":"/api/v1/category/"}}
{"level":"info","message":{"method":"GET","responseTime":"32ms","status":200,"timestamp":"2023-08-23T09:47:58.961Z","url":"/api/v1/products/"}}
{"level":"info","message":{"method":"GET","responseTime":"23ms","status":304,"timestamp":"2023-08-23T09:47:59.000Z","url":"/api/v1/products/category/1"}}
{"level":"info","message":{"method":"GET","responseTime":"2ms","status":304,"timestamp":"2023-08-23T09:48:00.079Z","url":"/api/v1/category/"}}
{"level":"info","message":{"method":"GET","responseTime":"6ms","status":304,"timestamp":"2023-08-23T09:48:00.087Z","url":"/api/v1/category/"}}
{"level":"info","message":{"method":"GET","responseTime":"40ms","status":304,"timestamp":"2023-08-23T09:48:00.202Z","url":"/api/v1/products/category/1"}}
{"level":"info","message":{"method":"GET","responseTime":"61ms","status":304,"timestamp":"2023-08-23T09:48:00.214Z","url":"/api/v1/products/topdix/category/1"}}
{"level":"info","message":{"method":"GET","responseTime":"49ms","status":304,"timestamp":"2023-08-23T09:48:00.231Z","url":"/api/v1/products/category/3"}}
{"level":"info","message":{"method":"GET","responseTime":"20ms","status":304,"timestamp":"2023-08-23T09:48:00.235Z","url":"/api/v1/products/category/4"}}
{"level":"info","message":{"method":"GET","responseTime":"7ms","status":304,"timestamp":"2023-08-23T09:48:04.256Z","url":"/api/v1/category/"}}
{"level":"info","message":{"method":"GET","responseTime":"5ms","status":304,"timestamp":"2023-08-23T09:48:04.263Z","url":"/api/v1/category/"}}
{"level":"info","message":{"method":"GET","responseTime":"48ms","status":304,"timestamp":"2023-08-23T09:48:04.385Z","url":"/api/v1/products/category/1"}}
{"level":"info","message":{"method":"GET","responseTime":"41ms","status":304,"timestamp":"2023-08-23T09:48:04.391Z","url":"/api/v1/products/category/3"}}
{"level":"info","message":{"method":"GET","responseTime":"34ms","status":304,"timestamp":"2023-08-23T09:48:04.397Z","url":"/api/v1/products/category/4"}}
{"level":"info","message":{"method":"GET","responseTime":"72ms","status":304,"timestamp":"2023-08-23T09:48:04.405Z","url":"/api/v1/products/topdix/category/1"}}
{"level":"info","message":{"method":"GET","responseTime":"7ms","status":200,"timestamp":"2023-08-23T09:48:06.572Z","url":"/api/v1/products/110"}}
{"level":"info","message":{"method":"GET","responseTime":"6ms","status":304,"timestamp":"2023-08-23T09:48:06.575Z","url":"/api/v1/category/"}}
{"level":"info","message":{"method":"GET","responseTime":"17ms","status":304,"timestamp":"2023-08-23T09:48:14.061Z","url":"/api/v1/products/"}}
{"level":"info","message":{"method":"GET","responseTime":"17ms","status":304,"timestamp":"2023-08-23T09:48:14.065Z","url":"/api/v1/category/"}}
{"level":"info","message":{"method":"GET","responseTime":"3ms","status":304,"timestamp":"2023-08-23T09:48:14.070Z","url":"/api/v1/category/"}}
{"level":"info","message":{"method":"GET","responseTime":"11ms","status":304,"timestamp":"2023-08-23T09:48:14.112Z","url":"/api/v1/products/category/4"}}
{"level":"info","message":{"method":"GET","responseTime":"8ms","status":304,"timestamp":"2023-08-23T09:48:21.051Z","url":"/api/v1/category/"}}
{"level":"info","message":{"method":"GET","responseTime":"21ms","status":304,"timestamp":"2023-08-23T09:48:21.065Z","url":"/api/v1/products/"}}
{"level":"info","message":{"method":"GET","responseTime":"6ms","status":304,"timestamp":"2023-08-23T09:48:21.073Z","url":"/api/v1/category/"}}
{"level":"info","message":{"method":"GET","responseTime":"14ms","status":304,"timestamp":"2023-08-23T09:48:21.145Z","url":"/api/v1/products/category/4"}}
{"level":"info","message":{"method":"GET","responseTime":"9ms","status":304,"timestamp":"2023-08-23T09:48:24.656Z","url":"/api/v1/category/"}}
{"level":"info","message":{"method":"GET","responseTime":"16ms","status":304,"timestamp":"2023-08-23T09:48:24.665Z","url":"/api/v1/products/"}}
{"level":"info","message":{"method":"GET","responseTime":"14ms","status":304,"timestamp":"2023-08-23T09:48:24.681Z","url":"/api/v1/category/"}}
{"level":"info","message":{"method":"GET","responseTime":"14ms","status":304,"timestamp":"2023-08-23T09:48:24.754Z","url":"/api/v1/products/category/4"}}
{"level":"info","message":{"method":"GET","responseTime":"12ms","status":304,"timestamp":"2023-08-23T09:48:26.856Z","url":"/api/v1/category/"}}
{"level":"info","message":{"method":"GET","responseTime":"19ms","status":304,"timestamp":"2023-08-23T09:48:26.864Z","url":"/api/v1/products/"}}
{"level":"info","message":{"method":"GET","responseTime":"12ms","status":304,"timestamp":"2023-08-23T09:48:26.878Z","url":"/api/v1/category/"}}
{"level":"info","message":{"method":"GET","responseTime":"11ms","status":304,"timestamp":"2023-08-23T09:48:26.963Z","url":"/api/v1/products/category/4"}}
{"level":"info","message":{"method":"GET","responseTime":"23ms","status":304,"timestamp":"2023-08-23T09:48:38.675Z","url":"/api/v1/products/category/1"}}
{"level":"info","message":{"method":"GET","responseTime":"30ms","status":200,"timestamp":"2023-08-23T09:48:38.684Z","url":"/api/v1/products/brand/1"}}
{"level":"info","message":{"method":"GET","responseTime":"7ms","status":200,"timestamp":"2023-08-23T09:48:44.395Z","url":"/api/v1/products/104"}}
{"level":"info","message":{"method":"GET","responseTime":"6ms","status":304,"timestamp":"2023-08-23T09:48:44.398Z","url":"/api/v1/category/"}}
{"level":"info","message":{"method":"GET","responseTime":"59ms","status":200,"timestamp":"2023-08-23T09:50:59.119Z","url":"/api/v1/products/104"}}
{"level":"info","message":{"method":"GET","responseTime":"49ms","status":304,"timestamp":"2023-08-23T09:50:59.132Z","url":"/api/v1/category/"}}
{"level":"info","message":{"method":"GET","responseTime":"42ms","status":304,"timestamp":"2023-08-23T09:50:59.194Z","url":"/api/v1/products/topdix/category/1"}}
{"level":"info","message":{"method":"GET","responseTime":"7ms","status":304,"timestamp":"2023-08-23T09:51:13.487Z","url":"/api/v1/category/"}}
{"level":"info","message":{"method":"GET","responseTime":"4ms","status":304,"timestamp":"2023-08-23T09:51:13.492Z","url":"/api/v1/category/"}}
{"level":"info","message":{"method":"GET","responseTime":"55ms","status":304,"timestamp":"2023-08-23T09:51:13.613Z","url":"/api/v1/products/category/1"}}
{"level":"info","message":{"method":"GET","responseTime":"76ms","status":304,"timestamp":"2023-08-23T09:51:13.650Z","url":"/api/v1/products/category/3"}}
{"level":"info","message":{"method":"GET","responseTime":"100ms","status":304,"timestamp":"2023-08-23T09:51:13.681Z","url":"/api/v1/products/category/4"}}
{"level":"info","message":{"method":"GET","responseTime":"167ms","status":304,"timestamp":"2023-08-23T09:51:13.715Z","url":"/api/v1/products/topdix/category/1"}}
{"level":"info","message":{"method":"GET","responseTime":"7ms","status":304,"timestamp":"2023-08-23T09:51:15.385Z","url":"/api/v1/category/"}}
{"level":"info","message":{"method":"GET","responseTime":"25ms","status":304,"timestamp":"2023-08-23T09:51:15.404Z","url":"/api/v1/products/"}}
{"level":"info","message":{"method":"GET","responseTime":"20ms","status":304,"timestamp":"2023-08-23T09:51:15.429Z","url":"/api/v1/category/"}}
{"level":"info","message":{"method":"GET","responseTime":"28ms","status":304,"timestamp":"2023-08-23T09:51:15.445Z","url":"/api/v1/products/category/1"}}
{"level":"info","message":{"method":"GET","responseTime":"9ms","status":304,"timestamp":"2023-08-23T09:51:18.425Z","url":"/api/v1/products/category/4"}}
{"level":"info","message":{"method":"GET","responseTime":"20ms","status":200,"timestamp":"2023-08-23T09:51:18.433Z","url":"/api/v1/products/brand/4"}}
{"level":"info","message":{"method":"GET","responseTime":"16ms","status":304,"timestamp":"2023-08-23T09:51:18.740Z","url":"/api/v1/products/category/3"}}
{"level":"info","message":{"method":"GET","responseTime":"18ms","status":200,"timestamp":"2023-08-23T09:51:18.750Z","url":"/api/v1/products/brand/3"}}
{"level":"info","message":{"method":"GET","responseTime":"16ms","status":304,"timestamp":"2023-08-23T09:51:20.309Z","url":"/api/v1/products/category/1"}}
{"level":"info","message":{"method":"GET","responseTime":"25ms","status":304,"timestamp":"2023-08-23T09:51:20.322Z","url":"/api/v1/products/brand/1"}}
{"level":"info","message":{"method":"POST","responseTime":"128ms","status":400,"timestamp":"2023-08-23T09:51:56.431Z","url":"/api/v1/customer/register"}}
{"level":"info","message":{"method":"POST","responseTime":"131ms","status":400,"timestamp":"2023-08-23T09:53:08.984Z","url":"/api/v1/customer/register"}}
{"level":"info","message":{"method":"POST","responseTime":"191ms","status":200,"timestamp":"2023-08-23T09:54:41.965Z","url":"/api/v1/customer/register"}}
{"level":"info","message":{"method":"GET","responseTime":"11ms","status":304,"timestamp":"2023-08-23T09:54:42.008Z","url":"/api/v1/category/"}}
{"level":"info","message":{"method":"GET","responseTime":"5ms","status":304,"timestamp":"2023-08-23T09:54:42.016Z","url":"/api/v1/category/"}}
{"level":"info","message":{"method":"GET","responseTime":"34ms","status":304,"timestamp":"2023-08-23T09:54:42.092Z","url":"/api/v1/products/category/1"}}
{"level":"info","message":{"method":"GET","responseTime":"67ms","status":304,"timestamp":"2023-08-23T09:54:42.117Z","url":"/api/v1/products/topdix/category/1"}}
{"level":"info","message":{"method":"GET","responseTime":"34ms","status":304,"timestamp":"2023-08-23T09:54:42.129Z","url":"/api/v1/products/category/3"}}
{"level":"info","message":{"method":"GET","responseTime":"37ms","status":304,"timestamp":"2023-08-23T09:54:42.139Z","url":"/api/v1/products/category/4"}}
{"level":"info","message":{"method":"GET","responseTime":"18ms","status":304,"timestamp":"2023-08-23T09:55:26.248Z","url":"/api/v1/category/"}}
{"level":"info","message":{"method":"GET","responseTime":"5ms","status":304,"timestamp":"2023-08-23T09:55:26.254Z","url":"/api/v1/category/"}}
{"level":"info","message":{"method":"GET","responseTime":"46ms","status":304,"timestamp":"2023-08-23T09:55:26.367Z","url":"/api/v1/products/category/1"}}
{"level":"info","message":{"method":"GET","responseTime":"53ms","status":304,"timestamp":"2023-08-23T09:55:26.384Z","url":"/api/v1/products/category/3"}}
{"level":"info","message":{"method":"GET","responseTime":"85ms","status":304,"timestamp":"2023-08-23T09:55:26.403Z","url":"/api/v1/products/topdix/category/1"}}
{"level":"info","message":{"method":"GET","responseTime":"68ms","status":304,"timestamp":"2023-08-23T09:55:26.416Z","url":"/api/v1/products/category/4"}}
{"level":"info","message":{"method":"GET","responseTime":"17ms","status":304,"timestamp":"2023-08-24T07:53:38.401Z","url":"/api/v1/category/"}}
{"level":"info","message":{"method":"GET","responseTime":"5ms","status":304,"timestamp":"2023-08-24T07:53:38.412Z","url":"/api/v1/category/"}}
{"level":"info","message":{"method":"GET","responseTime":"62ms","status":200,"timestamp":"2023-08-24T07:53:38.530Z","url":"/api/v1/products/category/3"}}
{"level":"info","message":{"method":"GET","responseTime":"61ms","status":304,"timestamp":"2023-08-24T07:53:38.561Z","url":"/api/v1/products/category/1"}}
{"level":"info","message":{"method":"GET","responseTime":"66ms","status":304,"timestamp":"2023-08-24T07:53:38.573Z","url":"/api/v1/products/category/4"}}
{"level":"info","message":{"method":"GET","responseTime":"95ms","status":304,"timestamp":"2023-08-24T07:53:38.590Z","url":"/api/v1/products/topdix/category/1"}}
{"level":"info","message":{"method":"GET","responseTime":"3ms","status":304,"timestamp":"2023-08-24T07:53:45.012Z","url":"/api/v1/category/"}}
{"level":"info","message":{"method":"GET","responseTime":"5ms","status":304,"timestamp":"2023-08-24T07:53:47.100Z","url":"/api/v1/category/"}}
{"level":"info","message":{"method":"GET","responseTime":"4ms","status":304,"timestamp":"2023-08-24T07:53:47.107Z","url":"/api/v1/category/"}}
{"level":"info","message":{"method":"GET","responseTime":"41ms","status":304,"timestamp":"2023-08-24T07:53:47.174Z","url":"/api/v1/products/category/1"}}
{"level":"info","message":{"method":"GET","responseTime":"44ms","status":304,"timestamp":"2023-08-24T07:53:47.185Z","url":"/api/v1/products/category/3"}}
{"level":"info","message":{"method":"GET","responseTime":"45ms","status":304,"timestamp":"2023-08-24T07:53:47.195Z","url":"/api/v1/products/category/4"}}
{"level":"info","message":{"method":"GET","responseTime":"83ms","status":304,"timestamp":"2023-08-24T07:53:47.203Z","url":"/api/v1/products/topdix/category/1"}}
{"level":"info","message":{"method":"POST","responseTime":"237ms","status":200,"timestamp":"2023-08-24T07:54:55.550Z","url":"/api/v1/customer/register"}}
{"level":"info","message":{"method":"GET","responseTime":"7ms","status":304,"timestamp":"2023-08-24T07:54:55.611Z","url":"/api/v1/category/"}}
{"level":"info","message":{"method":"GET","responseTime":"18ms","status":304,"timestamp":"2023-08-24T07:54:55.633Z","url":"/api/v1/category/"}}
{"level":"info","message":{"method":"GET","responseTime":"25ms","status":304,"timestamp":"2023-08-24T07:54:55.697Z","url":"/api/v1/products/category/1"}}
{"level":"info","message":{"method":"GET","responseTime":"34ms","status":304,"timestamp":"2023-08-24T07:54:55.712Z","url":"/api/v1/products/category/3"}}
{"level":"info","message":{"method":"GET","responseTime":"64ms","status":304,"timestamp":"2023-08-24T07:54:55.732Z","url":"/api/v1/products/topdix/category/1"}}
{"level":"info","message":{"method":"GET","responseTime":"40ms","status":304,"timestamp":"2023-08-24T07:54:55.738Z","url":"/api/v1/products/category/4"}}
{"level":"info","message":{"method":"GET","responseTime":"7ms","status":304,"timestamp":"2023-08-24T07:55:07.804Z","url":"/api/v1/category/"}}
{"level":"info","message":{"method":"GET","responseTime":"3ms","status":304,"timestamp":"2023-08-24T07:55:09.290Z","url":"/api/v1/category/"}}
{"level":"info","message":{"method":"PUT","responseTime":"27ms","status":200,"timestamp":"2023-08-24T07:55:21.309Z","url":"/api/v1/customer/3/adresse"}}
{"level":"info","message":{"method":"POST","responseTime":"60ms","status":201,"timestamp":"2023-08-24T07:55:21.349Z","url":"/api/v1/orders/"}}
{"level":"info","message":{"method":"GET","responseTime":"4ms","status":304,"timestamp":"2023-08-24T07:55:21.388Z","url":"/api/v1/category/"}}
{"level":"info","message":{"method":"GET","responseTime":"38ms","status":200,"timestamp":"2023-08-24T07:55:21.411Z","url":"/api/v1/orders/customer/3"}}
{"level":"info","message":{"method":"GET","responseTime":"5ms","status":304,"timestamp":"2023-08-24T07:55:26.111Z","url":"/api/v1/category/"}}
{"level":"info","message":{"method":"GET","responseTime":"34ms","status":200,"timestamp":"2023-08-24T07:55:26.137Z","url":"/api/v1/orders/2"}}
{"level":"info","message":{"method":"GET","responseTime":"9ms","status":304,"timestamp":"2023-08-24T07:55:33.084Z","url":"/api/v1/category/"}}
{"level":"info","message":{"method":"GET","responseTime":"46ms","status":304,"timestamp":"2023-08-24T07:55:33.116Z","url":"/api/v1/orders/2"}}
{"level":"info","message":{"method":"GET","responseTime":"16ms","status":304,"timestamp":"2023-08-24T15:01:57.372Z","url":"/api/v1/category/"}}
{"level":"info","message":{"method":"GET","responseTime":"57ms","status":200,"timestamp":"2023-08-24T15:01:57.397Z","url":"/api/v1/products/"}}
{"level":"info","message":{"method":"GET","responseTime":"26ms","status":304,"timestamp":"2023-08-24T15:02:11.111Z","url":"/api/v1/products/"}}
{"level":"info","message":{"method":"GET","responseTime":"27ms","status":304,"timestamp":"2023-08-24T15:02:11.116Z","url":"/api/v1/category/"}}
{"level":"info","message":{"method":"GET","responseTime":"27ms","status":200,"timestamp":"2023-08-24T15:02:24.260Z","url":"/api/v1/orders/"}}
{"level":"info","message":{"method":"PUT","responseTime":"28ms","status":200,"timestamp":"2023-08-24T15:02:28.422Z","url":"/api/v1/orders/2"}}
{"level":"info","message":{"method":"GET","responseTime":"19ms","status":304,"timestamp":"2023-08-24T15:02:28.447Z","url":"/api/v1/orders/"}}
{"level":"info","message":{"method":"GET","responseTime":"13ms","status":304,"timestamp":"2023-08-24T15:02:32.316Z","url":"/api/v1/orders/"}}
{"level":"info","message":{"method":"GET","responseTime":"27ms","status":304,"timestamp":"2023-08-24T15:03:22.112Z","url":"/api/v1/products/"}}
{"level":"info","message":{"method":"GET","responseTime":"26ms","status":304,"timestamp":"2023-08-24T15:03:22.117Z","url":"/api/v1/category/"}}
{"level":"info","message":{"method":"GET","responseTime":"8ms","status":304,"timestamp":"2023-08-24T15:03:28.189Z","url":"/api/v1/orders/"}}
{"level":"info","message":{"method":"GET","responseTime":"4ms","status":304,"timestamp":"2023-08-24T15:03:28.979Z","url":"/api/v1/category/"}}
{"level":"info","message":{"method":"GET","responseTime":"10ms","status":304,"timestamp":"2023-08-24T15:03:31.526Z","url":"/api/v1/orders/"}}
{"level":"info","message":{"method":"GET","responseTime":"8ms","status":200,"timestamp":"2023-08-24T15:03:32.625Z","url":"/api/v1/user/"}}
{"level":"info","message":{"method":"GET","responseTime":"20ms","status":304,"timestamp":"2023-08-24T15:03:33.052Z","url":"/api/v1/products/"}}
{"level":"info","message":{"method":"GET","responseTime":"18ms","status":304,"timestamp":"2023-08-24T15:03:33.057Z","url":"/api/v1/category/"}}
{"level":"info","message":{"method":"POST","responseTime":"5727ms","status":201,"timestamp":"2023-08-24T15:04:04.578Z","url":"/api/v1/products/"}}
{"level":"info","message":{"method":"GET","responseTime":"22ms","status":200,"timestamp":"2023-08-24T15:04:04.608Z","url":"/api/v1/products/"}}
{"level":"info","message":{"method":"GET","responseTime":"125ms","status":200,"timestamp":"2023-09-03T17:26:32.703Z","url":"/api/v1/user/"}}
{"level":"info","message":{"method":"POST","responseTime":"300ms","status":500,"timestamp":"2023-09-03T17:26:45.994Z","url":"/api/v1/orders/"}}
{"level":"info","message":{"method":"POST","responseTime":"321ms","status":201,"timestamp":"2023-09-03T17:29:03.296Z","url":"/api/v1/orders/"}}
{"level":"info","message":{"method":"POST","responseTime":"89ms","status":201,"timestamp":"2023-09-03T17:29:14.248Z","url":"/api/v1/orders/"}}
{"level":"info","message":{"method":"POST","responseTime":"132ms","status":201,"timestamp":"2023-09-03T17:32:37.383Z","url":"/api/v1/orders/"}}
{"level":"info","message":{"method":"POST","responseTime":"197ms","status":201,"timestamp":"2023-09-03T17:32:49.479Z","url":"/api/v1/orders/"}}
{"level":"info","message":{"method":"POST","responseTime":"86ms","status":201,"timestamp":"2023-09-03T17:36:54.454Z","url":"/api/v1/orders/"}}
{"level":"info","message":{"method":"POST","responseTime":"32ms","status":201,"timestamp":"2023-09-03T17:37:02.464Z","url":"/api/v1/orders/"}}
{"level":"info","message":{"method":"POST","responseTime":"92ms","status":201,"timestamp":"2023-09-03T17:39:41.781Z","url":"/api/v1/orders/"}}
{"level":"info","message":{"method":"POST","responseTime":"37ms","status":201,"timestamp":"2023-09-03T17:39:52.036Z","url":"/api/v1/orders/"}}
{"level":"info","message":{"method":"POST","responseTime":"29ms","status":201,"timestamp":"2023-09-03T17:40:02.392Z","url":"/api/v1/orders/"}}
{"level":"info","message":{"method":"GET","responseTime":"18ms","status":200,"timestamp":"2023-09-03T17:43:37.697Z","url":"/api/v1/user/"}}
{"level":"info","message":{"method":"GET","responseTime":"84ms","status":400,"timestamp":"2023-09-03T17:44:54.547Z","url":"/api/v1/user/"}}
{"level":"info","message":{"method":"GET","responseTime":"4ms","status":400,"timestamp":"2023-09-03T17:44:57.730Z","url":"/api/v1/user/"}}
{"level":"info","message":{"method":"GET","responseTime":"14ms","status":200,"timestamp":"2023-09-03T17:46:14.417Z","url":"/api/v1/user/"}}
{"level":"info","message":{"method":"POST","responseTime":"300ms","status":200,"timestamp":"2023-09-03T17:47:06.401Z","url":"/api/v1/user/register"}}
{"level":"info","message":{"method":"POST","responseTime":"164ms","status":200,"timestamp":"2023-09-03T17:47:25.633Z","url":"/api/v1/user/login"}}
{"level":"info","message":{"method":"POST","responseTime":"122ms","status":200,"timestamp":"2023-09-03T17:48:05.006Z","url":"/api/v1/user/login"}}
{"level":"info","message":{"method":"POST","responseTime":"129ms","status":200,"timestamp":"2023-09-03T17:50:53.199Z","url":"/api/v1/user/login"}}
{"level":"info","message":{"method":"POST","responseTime":"126ms","status":200,"timestamp":"2023-09-03T17:51:23.978Z","url":"/api/v1/user/login"}}
{"level":"info","message":{"method":"POST","responseTime":"121ms","status":200,"timestamp":"2023-09-03T17:54:22.817Z","url":"/api/v1/user/login"}}
{"level":"info","message":{"method":"POST","responseTime":"131ms","status":200,"timestamp":"2023-09-03T17:54:47.994Z","url":"/api/v1/user/login"}}
{"level":"info","message":{"method":"POST","responseTime":"323ms","status":200,"timestamp":"2023-09-03T17:56:24.013Z","url":"/api/v1/customer/register"}}
{"level":"info","message":{"method":"GET","responseTime":"4ms","status":404,"timestamp":"2023-09-03T17:57:04.899Z","url":"undefined/api/v1/customer/login"}}
{"level":"info","message":{"method":"POST","responseTime":"331ms","status":200,"timestamp":"2023-09-03T17:58:03.741Z","url":"/api/v1/customer/login"}}
{"level":"info","message":{"method":"POST","responseTime":"3807ms","status":200,"timestamp":"2023-09-03T18:02:30.748Z","url":"/api/v1/category/"}}
{"level":"info","message":{"method":"POST","responseTime":"2155ms","status":201,"timestamp":"2023-09-03T18:02:52.054Z","url":"/api/v1/products/"}}
{"level":"info","message":{"method":"POST","responseTime":"120ms","status":201,"timestamp":"2023-09-03T18:03:29.780Z","url":"/api/v1/orders/"}}
{"level":"info","message":{"method":"POST","responseTime":"111ms","status":201,"timestamp":"2023-09-03T18:05:33.928Z","url":"/api/v1/orders/"}}
{"level":"info","message":{"method":"POST","responseTime":"102ms","status":201,"timestamp":"2023-09-03T18:05:46.478Z","url":"/api/v1/orders/"}}
{"level":"info","message":{"method":"POST","responseTime":"2300ms","status":201,"timestamp":"2023-09-03T18:07:21.953Z","url":"/api/v1/products/"}}
{"level":"info","message":{"method":"POST","responseTime":"1950ms","status":201,"timestamp":"2023-09-03T18:07:29.975Z","url":"/api/v1/products/"}}
{"level":"info","message":{"method":"GET","responseTime":"3ms","status":404,"timestamp":"2023-09-03T18:08:42.666Z","url":"undefined/api/v1/products/name/bmw"}}
{"level":"info","message":{"method":"GET","responseTime":"68ms","status":200,"timestamp":"2023-09-03T18:09:08.160Z","url":"/api/v1/products/brand/1"}}
{"level":"info","message":{"method":"GET","responseTime":"72ms","status":400,"timestamp":"2023-09-03T18:09:17.032Z","url":"/api/v1/products/category/8"}}
{"level":"info","message":{"method":"GET","responseTime":"3ms","status":400,"timestamp":"2023-09-03T18:09:37.336Z","url":"/api/v1/products/name/?=bmw"}}
{"level":"info","message":{"method":"GET","responseTime":"62ms","status":200,"timestamp":"2023-09-03T18:10:50.966Z","url":"/api/v1/products/name/?name=bmw"}}
{"level":"info","message":{"method":"GET","responseTime":"68ms","status":200,"timestamp":"2023-09-03T18:11:18.002Z","url":"/api/v1/products/?name=bmw"}}
{"level":"info","message":{"method":"GET","responseTime":"8ms","status":200,"timestamp":"2023-09-03T18:11:24.076Z","url":"/api/v1/products/?name=test"}}
{"level":"info","message":{"method":"GET","responseTime":"6ms","status":200,"timestamp":"2023-09-03T18:11:28.935Z","url":"/api/v1/products/?name=bmw"}}
{"level":"info","message":{"method":"GET","responseTime":"60ms","status":200,"timestamp":"2023-09-03T18:11:51.236Z","url":"/api/v1/products/?name=123"}}
{"level":"info","message":{"method":"GET","responseTime":"59ms","status":200,"timestamp":"2023-09-03T18:12:05.522Z","url":"/api/v1/products/name/?name=bmw"}}
{"level":"info","message":{"method":"GET","responseTime":"6ms","status":200,"timestamp":"2023-09-03T18:12:12.721Z","url":"/api/v1/products/name/?name=123"}}
{"level":"info","message":{"method":"GET","responseTime":"58ms","status":400,"timestamp":"2023-09-03T18:12:40.174Z","url":"/api/v1/products/name/?name=123bbhbh"}}
{"level":"info","message":{"method":"POST","responseTime":"218ms","status":200,"timestamp":"2023-09-03T18:50:50.436Z","url":"/api/v1/customer/login"}}
{"level":"info","message":{"method":"GET","responseTime":"169ms","status":200,"timestamp":"2023-09-03T18:53:05.851Z","url":"/api/v1/user/"}}
{"level":"info","message":{"method":"GET","responseTime":"71ms","status":200,"timestamp":"2023-09-03T18:53:47.324Z","url":"/api/v1/customer/one"}}
{"level":"info","message":{"method":"GET","responseTime":"24ms","status":200,"timestamp":"2023-09-03T18:54:55.692Z","url":"/api/v1/customer/one"}}
{"level":"info","message":{"method":"GET","responseTime":"6ms","status":401,"timestamp":"2023-09-03T18:55:22.886Z","url":"undefined/api/v1/products"}}
{"level":"info","message":{"method":"GET","responseTime":"8ms","status":401,"timestamp":"2023-09-03T18:58:44.678Z","url":"undefined/api/v1/products"}}
{"level":"info","message":{"method":"POST","responseTime":"27ms","status":401,"timestamp":"2023-09-03T18:59:18.269Z","url":"undefined/api/v1/customer/login"}}
{"level":"info","message":{"method":"POST","responseTime":"159ms","status":200,"timestamp":"2023-09-03T18:59:50.117Z","url":"/api/v1/customer/login"}}
{"level":"info","message":{"method":"GET","responseTime":"10ms","status":401,"timestamp":"2023-09-03T19:00:08.025Z","url":"undefined/api/v1/products"}}
{"level":"info","message":{"method":"POST","responseTime":"8ms","status":401,"timestamp":"2023-09-03T19:03:53.069Z","url":"/api/v1/products/"}}
{"level":"info","message":{"method":"POST","responseTime":"6ms","status":401,"timestamp":"2023-09-03T19:05:59.573Z","url":"/api/v1/products/"}}
{"level":"info","message":{"method":"POST","responseTime":"15ms","status":403,"timestamp":"2023-09-03T19:06:04.706Z","url":"/api/v1/customer/login"}}
{"level":"info","message":{"method":"POST","responseTime":"19ms","status":500,"timestamp":"2023-09-03T19:06:37.725Z","url":"undefined/api/v1/customer/login"}}
{"level":"info","message":{"method":"POST","responseTime":"20ms","status":403,"timestamp":"2023-09-03T19:06:54.027Z","url":"/api/v1/customer/login"}}
{"level":"info","message":{"method":"POST","responseTime":"191ms","status":200,"timestamp":"2023-09-03T19:08:23.117Z","url":"/api/v1/customer/login"}}
{"level":"info","message":{"method":"POST","responseTime":"3ms","status":401,"timestamp":"2023-09-03T19:08:30.097Z","url":"/api/v1/products/"}}
{"level":"info","message":{"method":"GET","responseTime":"100ms","status":403,"timestamp":"2023-09-03T19:16:15.466Z","url":"/api/v1/customer/one"}}
{"level":"info","message":{"method":"GET","responseTime":"12ms","status":403,"timestamp":"2023-09-03T19:19:14.297Z","url":"/api/v1/customer/one"}}
{"level":"info","message":{"method":"GET","responseTime":"11ms","status":403,"timestamp":"2023-09-03T19:19:45.424Z","url":"/api/v1/customer/one"}}
{"level":"info","message":{"method":"GET","responseTime":"11ms","status":403,"timestamp":"2023-09-03T19:21:16.510Z","url":"/api/v1/customer/one"}}
{"level":"info","message":{"method":"GET","responseTime":"9ms","status":401,"timestamp":"2023-09-03T19:25:05.763Z","url":"/api/v1/customer/one"}}
{"level":"info","message":{"method":"POST","responseTime":"303ms","status":200,"timestamp":"2023-09-03T19:25:11.832Z","url":"/api/v1/customer/login"}}
{"level":"info","message":{"method":"GET","responseTime":"6ms","status":200,"timestamp":"2023-09-03T19:25:20.576Z","url":"/api/v1/customer/one"}}
{"level":"info","message":{"method":"GET","responseTime":"8ms","status":401,"timestamp":"2023-09-03T19:47:13.631Z","url":"/api/v1/customer/one"}}
{"level":"info","message":{"method":"GET","responseTime":"65ms","status":200,"timestamp":"2023-09-03T19:47:17.284Z","url":"/api/v1/customer/one"}}
{"level":"info","message":{"method":"POST","responseTime":"8ms","status":401,"timestamp":"2023-09-03T19:49:00.272Z","url":"/api/v1/category"}}
{"level":"info","message":{"method":"POST","responseTime":"5ms","status":403,"timestamp":"2023-09-03T19:49:15.725Z","url":"/api/v1/category/"}}
{"level":"info","message":{"method":"POST","responseTime":"13ms","status":401,"timestamp":"2023-09-03T19:49:28.242Z","url":"/api/v1/user/login"}}
{"level":"info","message":{"method":"POST","responseTime":"21ms","status":401,"timestamp":"2023-09-03T19:50:03.829Z","url":"/api/v1/user/login"}}
{"level":"info","message":{"method":"POST","responseTime":"2ms","status":401,"timestamp":"2023-09-03T19:50:06.112Z","url":"/api/v1/user/login"}}
{"level":"info","message":{"method":"POST","responseTime":"120ms","status":200,"timestamp":"2023-09-03T19:50:32.085Z","url":"/api/v1/user/login"}}
{"level":"info","message":{"method":"POST","responseTime":"4ms","status":403,"timestamp":"2023-09-03T19:50:44.923Z","url":"/api/v1/category/"}}
{"level":"info","message":{"method":"POST","responseTime":"1ms","status":403,"timestamp":"2023-09-03T19:50:48.202Z","url":"/api/v1/category/"}}
{"level":"info","message":{"method":"POST","responseTime":"136ms","status":200,"timestamp":"2023-09-03T19:51:26.194Z","url":"/api/v1/user/login"}}
{"level":"info","message":{"method":"POST","responseTime":"1ms","status":401,"timestamp":"2023-09-03T19:51:41.223Z","url":"/api/v1/category"}}
{"level":"info","message":{"method":"POST","responseTime":"1ms","status":403,"timestamp":"2023-09-03T19:51:44.204Z","url":"/api/v1/category/"}}
{"level":"info","message":{"method":"POST","responseTime":"12ms","status":403,"timestamp":"2023-09-03T19:52:24.804Z","url":"/api/v1/category/"}}
{"level":"info","message":{"method":"POST","responseTime":"154ms","status":200,"timestamp":"2023-09-03T19:55:19.474Z","url":"/api/v1/customer/login"}}
{"level":"info","message":{"method":"POST","responseTime":"4ms","status":403,"timestamp":"2023-09-03T19:55:32.053Z","url":"/api/v1/category/"}}
{"level":"info","message":{"method":"POST","responseTime":"17ms","status":403,"timestamp":"2023-09-03T19:55:48.963Z","url":"/api/v1/category/"}}
{"level":"info","message":{"method":"POST","responseTime":"167ms","status":200,"timestamp":"2023-09-03T20:00:32.324Z","url":"/api/v1/user/login"}}
{"level":"info","message":{"method":"POST","responseTime":"8ms","status":403,"timestamp":"2023-09-03T20:00:45.230Z","url":"/api/v1/category/"}}
{"level":"info","message":{"method":"POST","responseTime":"11ms","status":403,"timestamp":"2023-09-03T20:01:09.753Z","url":"/api/v1/category/"}}
{"level":"info","message":{"method":"POST","responseTime":"10ms","status":403,"timestamp":"2023-09-03T20:01:39.359Z","url":"/api/v1/category/"}}
{"level":"info","message":{"method":"POST","responseTime":"11ms","status":403,"timestamp":"2023-09-03T20:03:26.623Z","url":"/api/v1/category/"}}
{"level":"info","message":{"method":"POST","responseTime":"20ms","status":500,"timestamp":"2023-09-03T20:04:47.114Z","url":"undefined/api/v1/category"}}
{"level":"info","message":{"method":"POST","responseTime":"5ms","status":500,"timestamp":"2023-09-03T20:04:47.707Z","url":"undefined/api/v1/category"}}
{"level":"info","message":{"method":"POST","responseTime":"13ms","status":403,"timestamp":"2023-09-03T20:06:22.073Z","url":"/api/v1/category/"}}
{"level":"info","message":{"method":"POST","responseTime":"12ms","status":403,"timestamp":"2023-09-03T20:06:41.231Z","url":"/api/v1/category/"}}
{"level":"info","message":{"method":"POST","responseTime":"12ms","status":403,"timestamp":"2023-09-03T20:07:07.505Z","url":"/api/v1/category/"}}
{"level":"info","message":{"method":"POST","responseTime":"12ms","status":403,"timestamp":"2023-09-03T20:07:30.007Z","url":"/api/v1/category/"}}
{"level":"info","message":{"method":"POST","responseTime":"12ms","status":403,"timestamp":"2023-09-03T20:07:58.135Z","url":"/api/v1/category/"}}
{"level":"info","message":{"method":"POST","responseTime":"3529ms","status":200,"timestamp":"2023-09-03T20:08:12.287Z","url":"/api/v1/category/"}}
{"level":"info","message":{"method":"POST","responseTime":"7876ms","status":200,"timestamp":"2023-09-03T20:12:04.187Z","url":"/api/v1/category/"}}
{"level":"info","message":{"method":"POST","responseTime":"147ms","status":200,"timestamp":"2023-09-03T20:12:14.393Z","url":"/api/v1/customer/login"}}
{"level":"info","message":{"method":"POST","responseTime":"3ms","status":403,"timestamp":"2023-09-03T20:12:23.345Z","url":"/api/v1/category/"}}
{"level":"info","message":{"method":"POST","responseTime":"6ms","status":401,"timestamp":"2023-09-03T20:19:32.064Z","url":"/api/v1/products/"}}
{"level":"info","message":{"method":"POST","responseTime":"4181ms","status":201,"timestamp":"2023-09-03T20:19:50.496Z","url":"/api/v1/products/"}}
{"level":"info","message":{"method":"POST","responseTime":"7ms","status":401,"timestamp":"2023-09-03T20:20:22.251Z","url":"/api/v1/products/"}}
{"level":"info","message":{"method":"POST","responseTime":"4ms","status":403,"timestamp":"2023-09-03T20:20:26.638Z","url":"/api/v1/products/"}}
{"level":"info","message":{"method":"POST","responseTime":"2657ms","status":201,"timestamp":"2023-09-03T20:21:02.005Z","url":"/api/v1/products/"}}
{"level":"info","message":{"method":"POST","responseTime":"208ms","status":200,"timestamp":"2023-09-03T20:22:54.194Z","url":"/api/v1/customer/login"}}
{"level":"info","message":{"method":"PUT","responseTime":"1ms","status":401,"timestamp":"2023-09-03T20:23:25.520Z","url":"/api/v1/customer"}}
{"level":"info","message":{"method":"PUT","responseTime":"3ms","status":400,"timestamp":"2023-09-03T20:23:37.008Z","url":"/api/v1/customer/"}}
{"level":"info","message":{"method":"PUT","responseTime":"47ms","status":200,"timestamp":"2023-09-03T20:23:58.597Z","url":"/api/v1/customer/"}}
{"level":"info","message":{"method":"GET","responseTime":"4ms","status":500,"timestamp":"2023-09-03T20:24:16.545Z","url":"/api/v1/customer/one"}}
{"level":"info","message":{"method":"GET","responseTime":"56ms","status":200,"timestamp":"2023-09-03T20:25:07.671Z","url":"/api/v1/products/"}}
{"level":"info","message":{"method":"PUT","responseTime":"4ms","status":401,"timestamp":"2023-09-03T20:25:33.185Z","url":"/api/v1/products/5"}}
{"level":"info","message":{"method":"PUT","responseTime":"5ms","status":403,"timestamp":"2023-09-03T20:25:51.286Z","url":"/api/v1/products/5"}}
{"level":"info","message":{"method":"PUT","responseTime":"92ms","status":200,"timestamp":"2023-09-03T20:26:01.644Z","url":"/api/v1/products/5"}}
{"level":"info","message":{"method":"GET","responseTime":"16ms","status":200,"timestamp":"2023-09-03T20:26:06.572Z","url":"/api/v1/products/"}}
{"level":"info","message":{"method":"DELETE","responseTime":"7ms","status":401,"timestamp":"2023-09-03T20:27:22.378Z","url":"/api/v1/user/3"}}
{"level":"info","message":{"method":"POST","responseTime":"20ms","status":401,"timestamp":"2023-09-03T20:41:13.100Z","url":"/api/v1/orders"}}
{"level":"info","message":{"method":"POST","responseTime":"216ms","status":200,"timestamp":"2023-09-03T20:41:36.976Z","url":"/api/v1/customer/login"}}
{"level":"info","message":{"method":"POST","responseTime":"140ms","status":500,"timestamp":"2023-09-03T20:41:54.253Z","url":"/api/v1/orders/"}}
{"level":"info","message":{"method":"POST","responseTime":"100ms","status":201,"timestamp":"2023-09-03T20:42:36.608Z","url":"/api/v1/orders/"}}
{"level":"info","message":{"method":"GET","responseTime":"3ms","status":500,"timestamp":"2023-09-03T20:42:49.451Z","url":"/api/v1/customer/one"}}
{"level":"info","message":{"method":"POST","responseTime":"330ms","status":200,"timestamp":"2023-09-03T20:43:19.888Z","url":"/api/v1/customer/register"}}
{"level":"info","message":{"method":"POST","responseTime":"113ms","status":200,"timestamp":"2023-09-03T20:43:28.916Z","url":"/api/v1/customer/login"}}
{"level":"info","message":{"method":"POST","responseTime":"125ms","status":201,"timestamp":"2023-09-03T20:43:45.307Z","url":"/api/v1/orders/"}}
